-------------------------------------------------------------------------------
Test set: com.boha.datadriver.DatadriverApplicationTests
-------------------------------------------------------------------------------
Tests run: 1, Failures: 0, Errors: 1, Skipped: 0, Time elapsed: 6.429 s <<< FAILURE! - in com.boha.datadriver.DatadriverApplicationTests
contextLoads  Time elapsed: 0.002 s  <<< ERROR!
java.lang.IllegalStateException: Failed to load ApplicationContext
Caused by: java.lang.RuntimeException: Project  ID is missing from environment variables

